  Camera.cpp
\\banner.main.ad.rit.edu\students\sts7613\igmprofile\desktop\github\a08_camerasingleton\c1_lerp\camera.h(85): error C2678: binary '*': no operator found which takes a left-hand operand of type 'glm::detail::tmat4x4<glm::lowp_float>' (or there is no acceptable conversion)
  \\banner.main.ad.rit.edu\students\sts7613\igmprofile\desktop\github\a08_camerasingleton\include\glm\core\type_half.inl(340): note: could be 'glm::detail::half glm::detail::operator *(const glm::detail::half &,const glm::detail::half &)' [found using argument-dependent lookup]
  \\banner.main.ad.rit.edu\students\sts7613\igmprofile\desktop\github\a08_camerasingleton\include\glm\gtx\simd_vec4.inl(215): note: or       'glm::detail::fvec4SIMD glm::detail::operator *(const glm::detail::fvec4SIMD &,float)' [found using argument-dependent lookup]
  \\banner.main.ad.rit.edu\students\sts7613\igmprofile\desktop\github\a08_camerasingleton\include\glm\gtx\simd_vec4.inl(222): note: or       'glm::detail::fvec4SIMD glm::detail::operator *(float,const glm::detail::fvec4SIMD &)' [found using argument-dependent lookup]
  \\banner.main.ad.rit.edu\students\sts7613\igmprofile\desktop\github\a08_camerasingleton\include\glm\gtx\simd_vec4.inl(229): note: or       'glm::detail::fvec4SIMD glm::detail::operator *(const glm::detail::fvec4SIMD &,const glm::detail::fvec4SIMD &)' [found using argument-dependent lookup]
  \\banner.main.ad.rit.edu\students\sts7613\igmprofile\desktop\github\a08_camerasingleton\include\glm\gtx\simd_mat4.inl(349): note: or       'glm::detail::fmat4x4SIMD glm::detail::operator *(const glm::detail::fmat4x4SIMD &,const float &)' [found using argument-dependent lookup]
  \\banner.main.ad.rit.edu\students\sts7613\igmprofile\desktop\github\a08_camerasingleton\include\glm\gtx\simd_mat4.inl(364): note: or       'glm::detail::fmat4x4SIMD glm::detail::operator *(const float &,const glm::detail::fmat4x4SIMD &)' [found using argument-dependent lookup]
  \\banner.main.ad.rit.edu\students\sts7613\igmprofile\desktop\github\a08_camerasingleton\include\glm\gtx\simd_mat4.inl(379): note: or       'glm::detail::fvec4SIMD glm::detail::operator *(const glm::detail::fmat4x4SIMD &,const glm::detail::fvec4SIMD &)' [found using argument-dependent lookup]
  \\banner.main.ad.rit.edu\students\sts7613\igmprofile\desktop\github\a08_camerasingleton\include\glm\gtx\simd_mat4.inl(388): note: or       'glm::detail::fvec4SIMD glm::detail::operator *(const glm::detail::fvec4SIMD &,const glm::detail::fmat4x4SIMD &)' [found using argument-dependent lookup]
  \\banner.main.ad.rit.edu\students\sts7613\igmprofile\desktop\github\a08_camerasingleton\include\glm\gtx\simd_mat4.inl(397): note: or       'glm::detail::fmat4x4SIMD glm::detail::operator *(const glm::detail::fmat4x4SIMD &,const glm::detail::fmat4x4SIMD &)' [found using argument-dependent lookup]
  \\banner.main.ad.rit.edu\students\sts7613\igmprofile\desktop\github\a08_camerasingleton\include\glm\core\type_mat4x4.inl(650): note: or       'glm::detail::tmat4x4<glm::lowp_float> glm::detail::operator *<glm::lowp_float>(const glm::detail::tmat4x4<glm::lowp_float> &,const float &)'
  \\banner.main.ad.rit.edu\students\sts7613\igmprofile\desktop\github\a08_camerasingleton\include\glm\core\type_mat4x4.inl(678): note: or       'glm::detail::tvec4<glm::mediump_float> glm::detail::operator *<glm::lowp_float>(const glm::detail::tmat4x4<glm::lowp_float> &,const glm::detail::tvec4<glm::mediump_float> &)'
  \\banner.main.ad.rit.edu\students\sts7613\igmprofile\desktop\github\a08_camerasingleton\include\glm\gtc\quaternion.inl(275): note: or       'glm::detail::tquat<float> glm::detail::operator *<float>(const float &,const glm::detail::tquat<float> &)'
  \\banner.main.ad.rit.edu\students\sts7613\igmprofile\desktop\github\a08_camerasingleton\c1_lerp\camera.h(85): note: while trying to match the argument list '(glm::detail::tmat4x4<glm::lowp_float>, ReEng::quaternion)'
  Generating Code...
  Compiling...
  AppClass.cpp
\\banner.main.ad.rit.edu\students\sts7613\igmprofile\desktop\github\a08_camerasingleton\c1_lerp\camera.h(85): error C2678: binary '*': no operator found which takes a left-hand operand of type 'glm::detail::tmat4x4<glm::lowp_float>' (or there is no acceptable conversion)
  \\banner.main.ad.rit.edu\students\sts7613\igmprofile\desktop\github\a08_camerasingleton\include\glm\core\type_half.inl(340): note: could be 'glm::detail::half glm::detail::operator *(const glm::detail::half &,const glm::detail::half &)' [found using argument-dependent lookup]
  \\banner.main.ad.rit.edu\students\sts7613\igmprofile\desktop\github\a08_camerasingleton\include\glm\gtx\simd_vec4.inl(215): note: or       'glm::detail::fvec4SIMD glm::detail::operator *(const glm::detail::fvec4SIMD &,float)' [found using argument-dependent lookup]
  \\banner.main.ad.rit.edu\students\sts7613\igmprofile\desktop\github\a08_camerasingleton\include\glm\gtx\simd_vec4.inl(222): note: or       'glm::detail::fvec4SIMD glm::detail::operator *(float,const glm::detail::fvec4SIMD &)' [found using argument-dependent lookup]
  \\banner.main.ad.rit.edu\students\sts7613\igmprofile\desktop\github\a08_camerasingleton\include\glm\gtx\simd_vec4.inl(229): note: or       'glm::detail::fvec4SIMD glm::detail::operator *(const glm::detail::fvec4SIMD &,const glm::detail::fvec4SIMD &)' [found using argument-dependent lookup]
  \\banner.main.ad.rit.edu\students\sts7613\igmprofile\desktop\github\a08_camerasingleton\include\glm\gtx\simd_mat4.inl(349): note: or       'glm::detail::fmat4x4SIMD glm::detail::operator *(const glm::detail::fmat4x4SIMD &,const float &)' [found using argument-dependent lookup]
  \\banner.main.ad.rit.edu\students\sts7613\igmprofile\desktop\github\a08_camerasingleton\include\glm\gtx\simd_mat4.inl(364): note: or       'glm::detail::fmat4x4SIMD glm::detail::operator *(const float &,const glm::detail::fmat4x4SIMD &)' [found using argument-dependent lookup]
  \\banner.main.ad.rit.edu\students\sts7613\igmprofile\desktop\github\a08_camerasingleton\include\glm\gtx\simd_mat4.inl(379): note: or       'glm::detail::fvec4SIMD glm::detail::operator *(const glm::detail::fmat4x4SIMD &,const glm::detail::fvec4SIMD &)' [found using argument-dependent lookup]
  \\banner.main.ad.rit.edu\students\sts7613\igmprofile\desktop\github\a08_camerasingleton\include\glm\gtx\simd_mat4.inl(388): note: or       'glm::detail::fvec4SIMD glm::detail::operator *(const glm::detail::fvec4SIMD &,const glm::detail::fmat4x4SIMD &)' [found using argument-dependent lookup]
  \\banner.main.ad.rit.edu\students\sts7613\igmprofile\desktop\github\a08_camerasingleton\include\glm\gtx\simd_mat4.inl(397): note: or       'glm::detail::fmat4x4SIMD glm::detail::operator *(const glm::detail::fmat4x4SIMD &,const glm::detail::fmat4x4SIMD &)' [found using argument-dependent lookup]
  \\banner.main.ad.rit.edu\students\sts7613\igmprofile\desktop\github\a08_camerasingleton\include\glm\core\type_mat4x4.inl(650): note: or       'glm::detail::tmat4x4<glm::lowp_float> glm::detail::operator *<glm::lowp_float>(const glm::detail::tmat4x4<glm::lowp_float> &,const float &)'
  \\banner.main.ad.rit.edu\students\sts7613\igmprofile\desktop\github\a08_camerasingleton\include\glm\core\type_mat4x4.inl(678): note: or       'glm::detail::tvec4<glm::mediump_float> glm::detail::operator *<glm::lowp_float>(const glm::detail::tmat4x4<glm::lowp_float> &,const glm::detail::tvec4<glm::mediump_float> &)'
  \\banner.main.ad.rit.edu\students\sts7613\igmprofile\desktop\github\a08_camerasingleton\include\glm\gtc\quaternion.inl(275): note: or       'glm::detail::tquat<float> glm::detail::operator *<float>(const float &,const glm::detail::tquat<float> &)'
  \\banner.main.ad.rit.edu\students\sts7613\igmprofile\desktop\github\a08_camerasingleton\c1_lerp\camera.h(85): note: while trying to match the argument list '(glm::detail::tmat4x4<glm::lowp_float>, ReEng::quaternion)'
  Generating Code...
  Compiling...
  AppClassControls.cpp
\\banner.main.ad.rit.edu\students\sts7613\igmprofile\desktop\github\a08_camerasingleton\c1_lerp\camera.h(85): error C2678: binary '*': no operator found which takes a left-hand operand of type 'glm::detail::tmat4x4<glm::lowp_float>' (or there is no acceptable conversion)
  \\banner.main.ad.rit.edu\students\sts7613\igmprofile\desktop\github\a08_camerasingleton\include\glm\core\type_half.inl(340): note: could be 'glm::detail::half glm::detail::operator *(const glm::detail::half &,const glm::detail::half &)' [found using argument-dependent lookup]
  \\banner.main.ad.rit.edu\students\sts7613\igmprofile\desktop\github\a08_camerasingleton\include\glm\gtx\simd_vec4.inl(215): note: or       'glm::detail::fvec4SIMD glm::detail::operator *(const glm::detail::fvec4SIMD &,float)' [found using argument-dependent lookup]
  \\banner.main.ad.rit.edu\students\sts7613\igmprofile\desktop\github\a08_camerasingleton\include\glm\gtx\simd_vec4.inl(222): note: or       'glm::detail::fvec4SIMD glm::detail::operator *(float,const glm::detail::fvec4SIMD &)' [found using argument-dependent lookup]
  \\banner.main.ad.rit.edu\students\sts7613\igmprofile\desktop\github\a08_camerasingleton\include\glm\gtx\simd_vec4.inl(229): note: or       'glm::detail::fvec4SIMD glm::detail::operator *(const glm::detail::fvec4SIMD &,const glm::detail::fvec4SIMD &)' [found using argument-dependent lookup]
  \\banner.main.ad.rit.edu\students\sts7613\igmprofile\desktop\github\a08_camerasingleton\include\glm\gtx\simd_mat4.inl(349): note: or       'glm::detail::fmat4x4SIMD glm::detail::operator *(const glm::detail::fmat4x4SIMD &,const float &)' [found using argument-dependent lookup]
  \\banner.main.ad.rit.edu\students\sts7613\igmprofile\desktop\github\a08_camerasingleton\include\glm\gtx\simd_mat4.inl(364): note: or       'glm::detail::fmat4x4SIMD glm::detail::operator *(const float &,const glm::detail::fmat4x4SIMD &)' [found using argument-dependent lookup]
  \\banner.main.ad.rit.edu\students\sts7613\igmprofile\desktop\github\a08_camerasingleton\include\glm\gtx\simd_mat4.inl(379): note: or       'glm::detail::fvec4SIMD glm::detail::operator *(const glm::detail::fmat4x4SIMD &,const glm::detail::fvec4SIMD &)' [found using argument-dependent lookup]
  \\banner.main.ad.rit.edu\students\sts7613\igmprofile\desktop\github\a08_camerasingleton\include\glm\gtx\simd_mat4.inl(388): note: or       'glm::detail::fvec4SIMD glm::detail::operator *(const glm::detail::fvec4SIMD &,const glm::detail::fmat4x4SIMD &)' [found using argument-dependent lookup]
  \\banner.main.ad.rit.edu\students\sts7613\igmprofile\desktop\github\a08_camerasingleton\include\glm\gtx\simd_mat4.inl(397): note: or       'glm::detail::fmat4x4SIMD glm::detail::operator *(const glm::detail::fmat4x4SIMD &,const glm::detail::fmat4x4SIMD &)' [found using argument-dependent lookup]
  \\banner.main.ad.rit.edu\students\sts7613\igmprofile\desktop\github\a08_camerasingleton\include\glm\core\type_mat4x4.inl(650): note: or       'glm::detail::tmat4x4<glm::lowp_float> glm::detail::operator *<glm::lowp_float>(const glm::detail::tmat4x4<glm::lowp_float> &,const float &)'
  \\banner.main.ad.rit.edu\students\sts7613\igmprofile\desktop\github\a08_camerasingleton\include\glm\core\type_mat4x4.inl(678): note: or       'glm::detail::tvec4<glm::mediump_float> glm::detail::operator *<glm::lowp_float>(const glm::detail::tmat4x4<glm::lowp_float> &,const glm::detail::tvec4<glm::mediump_float> &)'
  \\banner.main.ad.rit.edu\students\sts7613\igmprofile\desktop\github\a08_camerasingleton\include\glm\gtc\quaternion.inl(275): note: or       'glm::detail::tquat<float> glm::detail::operator *<float>(const float &,const glm::detail::tquat<float> &)'
  \\banner.main.ad.rit.edu\students\sts7613\igmprofile\desktop\github\a08_camerasingleton\c1_lerp\camera.h(85): note: while trying to match the argument list '(glm::detail::tmat4x4<glm::lowp_float>, ReEng::quaternion)'
  Generating Code...
  Compiling...
  Main.cpp
\\banner.main.ad.rit.edu\students\sts7613\igmprofile\desktop\github\a08_camerasingleton\c1_lerp\camera.h(85): error C2678: binary '*': no operator found which takes a left-hand operand of type 'glm::detail::tmat4x4<glm::lowp_float>' (or there is no acceptable conversion)
  \\banner.main.ad.rit.edu\students\sts7613\igmprofile\desktop\github\a08_camerasingleton\include\glm\core\type_half.inl(340): note: could be 'glm::detail::half glm::detail::operator *(const glm::detail::half &,const glm::detail::half &)' [found using argument-dependent lookup]
  \\banner.main.ad.rit.edu\students\sts7613\igmprofile\desktop\github\a08_camerasingleton\include\glm\gtx\simd_vec4.inl(215): note: or       'glm::detail::fvec4SIMD glm::detail::operator *(const glm::detail::fvec4SIMD &,float)' [found using argument-dependent lookup]
  \\banner.main.ad.rit.edu\students\sts7613\igmprofile\desktop\github\a08_camerasingleton\include\glm\gtx\simd_vec4.inl(222): note: or       'glm::detail::fvec4SIMD glm::detail::operator *(float,const glm::detail::fvec4SIMD &)' [found using argument-dependent lookup]
  \\banner.main.ad.rit.edu\students\sts7613\igmprofile\desktop\github\a08_camerasingleton\include\glm\gtx\simd_vec4.inl(229): note: or       'glm::detail::fvec4SIMD glm::detail::operator *(const glm::detail::fvec4SIMD &,const glm::detail::fvec4SIMD &)' [found using argument-dependent lookup]
  \\banner.main.ad.rit.edu\students\sts7613\igmprofile\desktop\github\a08_camerasingleton\include\glm\gtx\simd_mat4.inl(349): note: or       'glm::detail::fmat4x4SIMD glm::detail::operator *(const glm::detail::fmat4x4SIMD &,const float &)' [found using argument-dependent lookup]
  \\banner.main.ad.rit.edu\students\sts7613\igmprofile\desktop\github\a08_camerasingleton\include\glm\gtx\simd_mat4.inl(364): note: or       'glm::detail::fmat4x4SIMD glm::detail::operator *(const float &,const glm::detail::fmat4x4SIMD &)' [found using argument-dependent lookup]
  \\banner.main.ad.rit.edu\students\sts7613\igmprofile\desktop\github\a08_camerasingleton\include\glm\gtx\simd_mat4.inl(379): note: or       'glm::detail::fvec4SIMD glm::detail::operator *(const glm::detail::fmat4x4SIMD &,const glm::detail::fvec4SIMD &)' [found using argument-dependent lookup]
  \\banner.main.ad.rit.edu\students\sts7613\igmprofile\desktop\github\a08_camerasingleton\include\glm\gtx\simd_mat4.inl(388): note: or       'glm::detail::fvec4SIMD glm::detail::operator *(const glm::detail::fvec4SIMD &,const glm::detail::fmat4x4SIMD &)' [found using argument-dependent lookup]
  \\banner.main.ad.rit.edu\students\sts7613\igmprofile\desktop\github\a08_camerasingleton\include\glm\gtx\simd_mat4.inl(397): note: or       'glm::detail::fmat4x4SIMD glm::detail::operator *(const glm::detail::fmat4x4SIMD &,const glm::detail::fmat4x4SIMD &)' [found using argument-dependent lookup]
  \\banner.main.ad.rit.edu\students\sts7613\igmprofile\desktop\github\a08_camerasingleton\include\glm\core\type_mat4x4.inl(650): note: or       'glm::detail::tmat4x4<glm::lowp_float> glm::detail::operator *<glm::lowp_float>(const glm::detail::tmat4x4<glm::lowp_float> &,const float &)'
  \\banner.main.ad.rit.edu\students\sts7613\igmprofile\desktop\github\a08_camerasingleton\include\glm\core\type_mat4x4.inl(678): note: or       'glm::detail::tvec4<glm::mediump_float> glm::detail::operator *<glm::lowp_float>(const glm::detail::tmat4x4<glm::lowp_float> &,const glm::detail::tvec4<glm::mediump_float> &)'
  \\banner.main.ad.rit.edu\students\sts7613\igmprofile\desktop\github\a08_camerasingleton\include\glm\gtc\quaternion.inl(275): note: or       'glm::detail::tquat<float> glm::detail::operator *<float>(const float &,const glm::detail::tquat<float> &)'
  \\banner.main.ad.rit.edu\students\sts7613\igmprofile\desktop\github\a08_camerasingleton\c1_lerp\camera.h(85): note: while trying to match the argument list '(glm::detail::tmat4x4<glm::lowp_float>, ReEng::quaternion)'
  Generating Code...
